<?xml version="1.0" encoding="UTF-8"?>
<!-- Generated by org.testng.reporters.JUnitReportReporter -->
<testsuite skipped="0" hostname="LAPTOP-QRRJ0926" name="com.crm.qa.testcases.LoginPageTest" tests="2" failures="0" timestamp="30 Apr 2020 12:06:09 GMT" time="35.849" errors="0">
  <testcase name="loginpagetitletest" time="17.295" classname="com.crm.qa.testcases.LoginPageTest"/>
  <testcase name="loginTest" time="18.554" classname="com.crm.qa.testcases.LoginPageTest"/>
</testsuite> <!-- com.crm.qa.testcases.LoginPageTest -->
