<?xml version="1.0" encoding="UTF-8"?>
<!-- Generated by org.testng.reporters.JUnitReportReporter -->
<testsuite skipped="0" hostname="LAPTOP-QRRJ0926" name="com.crm.qa.testcases.LoginPageTest" tests="2" failures="0" timestamp="06 May 2020 20:50:15 GMT" time="34.339" errors="0">
  <testcase name="loginpagetitletest" time="16.746" classname="com.crm.qa.testcases.LoginPageTest"/>
  <testcase name="loginTest" time="17.593" classname="com.crm.qa.testcases.LoginPageTest"/>
</testsuite> <!-- com.crm.qa.testcases.LoginPageTest -->
